Using pre-set license
Built from '6000.0/release' branch; Version is '6000.0.25f1 (4859ab7b5a49) revision 4741547'; Using compiler version '193933523'; Build Type 'Release'
OS: 'Windows 11  (10.0.22631) 64bit Core' Language: 'ko' Physical Memory: 24509 MB
BatchMode: 1, IsHumanControllingUs: 0, StartBugReporterOnCrash: 0, Is64bit: 1, IsPro: 1

COMMAND LINE ARGUMENTS:
C:\Program Files\Unity\Hub\Editor\6000.0.25f1\Editor\Unity.exe
-adb2
-batchMode
-noUpm
-name
AssetImportWorker1
-projectPath
D:/github/simple-2d-rpg-client
-logFile
Logs/AssetImportWorker1.log
-srvPort
56602
-job-worker-count
5
-background-job-worker-count
8
-asset-garbage-collectors
1
Successfully changed project path to: D:/github/simple-2d-rpg-client
D:/github/simple-2d-rpg-client
[UnityMemory] Configuration Parameters - Can be set up in boot.config
    "memorysetup-bucket-allocator-granularity=16"
    "memorysetup-bucket-allocator-bucket-count=8"
    "memorysetup-bucket-allocator-block-size=33554432"
    "memorysetup-bucket-allocator-block-count=8"
    "memorysetup-main-allocator-block-size=16777216"
    "memorysetup-thread-allocator-block-size=16777216"
    "memorysetup-gfx-main-allocator-block-size=16777216"
    "memorysetup-gfx-thread-allocator-block-size=16777216"
    "memorysetup-cache-allocator-block-size=4194304"
    "memorysetup-typetree-allocator-block-size=2097152"
    "memorysetup-profiler-bucket-allocator-granularity=16"
    "memorysetup-profiler-bucket-allocator-bucket-count=8"
    "memorysetup-profiler-bucket-allocator-block-size=33554432"
    "memorysetup-profiler-bucket-allocator-block-count=8"
    "memorysetup-profiler-allocator-block-size=16777216"
    "memorysetup-profiler-editor-allocator-block-size=1048576"
    "memorysetup-temp-allocator-size-main=16777216"
    "memorysetup-job-temp-allocator-block-size=2097152"
    "memorysetup-job-temp-allocator-block-size-background=1048576"
    "memorysetup-job-temp-allocator-reduction-small-platforms=262144"
    "memorysetup-allocator-temp-initial-block-size-main=262144"
    "memorysetup-allocator-temp-initial-block-size-worker=262144"
    "memorysetup-temp-allocator-size-background-worker=32768"
    "memorysetup-temp-allocator-size-job-worker=262144"
    "memorysetup-temp-allocator-size-preload-manager=33554432"
    "memorysetup-temp-allocator-size-nav-mesh-worker=65536"
    "memorysetup-temp-allocator-size-audio-worker=65536"
    "memorysetup-temp-allocator-size-cloud-worker=32768"
    "memorysetup-temp-allocator-size-gi-baking-worker=262144"
    "memorysetup-temp-allocator-size-gi-baking-worker=262144"
    "memorysetup-temp-allocator-size-gi-baking-worker=262144"
    "memorysetup-temp-allocator-size-gi-baking-worker=262144"
    "memorysetup-temp-allocator-size-gi-baking-worker=262144"
    "memorysetup-temp-allocator-size-gfx=262144"
Player connection [51952]  Target information:

Player connection [51952]  * "[IP] 172.30.1.68 [Port] 0 [Flags] 2 [Guid] 1186103079 [EditorId] 1186103079 [Version] 1048832 [Id] WindowsEditor(7,LAPTOP-L4VCIIKD) [Debug] 1 [PackageName] WindowsEditor [ProjectName] Editor" 

Player connection [51952] Host joined multi-casting on [225.0.0.222:54997]...
Player connection [51952] Host joined alternative multi-casting on [225.0.0.222:34997]...
JobSystem: Creating JobQueue using job-worker-count value 5
[Physics::Module] Initialized fallback backend.
[Physics::Module] Id: 0xdecafbad
Library Redirect Path: Library/
[Physics::Module] Selected backend.
[Physics::Module] Name: PhysX
[Physics::Module] Id: 0xf2b8ea05
[Physics::Module] SDK Version: 4.1.2
[Physics::Module] Integration Version: 1.0.0
[Physics::Module] Threading Mode: Multi-Threaded
Refreshing native plugins compatible for Editor in 20.91 ms, found 4 plugins.
Preloading 0 native plugins for Editor in 0.00 ms.
Initialize engine version: 6000.0.25f1 (4859ab7b5a49)
[Subsystems] Discovering subsystems at path C:/Program Files/Unity/Hub/Editor/6000.0.25f1/Editor/Data/Resources/UnitySubsystems
[Subsystems] Discovering subsystems at path D:/github/simple-2d-rpg-client/Assets
GfxDevice: creating device client; kGfxThreadingModeNonThreaded
Direct3D:
    Version:  Direct3D 11.0 [level 11.1]
    Renderer: NVIDIA GeForce GTX 1060 (ID=0x1c20)
    Vendor:   NVIDIA
    VRAM:     6031 MB
    Driver:   32.0.15.6614
Initialize mono
Mono path[0] = 'C:/Program Files/Unity/Hub/Editor/6000.0.25f1/Editor/Data/Managed'
Mono path[1] = 'C:/Program Files/Unity/Hub/Editor/6000.0.25f1/Editor/Data/MonoBleedingEdge/lib/mono/unityjit-win32'
Mono config path = 'C:/Program Files/Unity/Hub/Editor/6000.0.25f1/Editor/Data/MonoBleedingEdge/etc'
Using monoOptions --debugger-agent=transport=dt_socket,embedding=1,server=y,suspend=n,address=127.0.0.1:56076
Begin MonoManager ReloadAssembly
Registering precompiled unity dll's ...
Register platform support module: C:/Program Files/Unity/Hub/Editor/6000.0.25f1/Editor/Data/PlaybackEngines/WindowsStandaloneSupport/UnityEditor.WindowsStandalone.Extensions.dll
Registered in 0.019334 seconds.
- Loaded All Assemblies, in  1.615 seconds
Native extension for WindowsStandalone target not found
Mono: successfully reloaded assembly
- Finished resetting the current domain, in  1.552 seconds
Domain Reload Profiling: 3146ms
	BeginReloadAssembly (649ms)
		ExecutionOrderSort (0ms)
		DisableScriptedObjects (0ms)
		BackupInstance (0ms)
		ReleaseScriptingObjects (0ms)
		CreateAndSetChildDomain (2ms)
	RebuildCommonClasses (128ms)
	RebuildNativeTypeToScriptingClass (29ms)
	initialDomainReloadingComplete (208ms)
	LoadAllAssembliesAndSetupDomain (579ms)
		LoadAssemblies (630ms)
		RebuildTransferFunctionScriptingTraits (0ms)
		AnalyzeDomain (570ms)
			TypeCache.Refresh (566ms)
				TypeCache.ScanAssembly (519ms)
			BuildScriptInfoCaches (0ms)
			ResolveRequiredComponents (2ms)
	FinalizeReload (1553ms)
		ReleaseScriptCaches (0ms)
		RebuildScriptCaches (0ms)
		SetupLoadedEditorAssemblies (1419ms)
			LogAssemblyErrors (0ms)
			InitializePlatformSupportModulesInManaged (99ms)
			SetLoadedEditorAssemblies (18ms)
			BeforeProcessingInitializeOnLoad (30ms)
			ProcessInitializeOnLoadAttributes (836ms)
			ProcessInitializeOnLoadMethodAttributes (379ms)
			AfterProcessingInitializeOnLoad (57ms)
			EditorAssembliesLoaded (0ms)
		ExecutionOrderSort2 (0ms)
		AwakeInstancesAfterBackupRestoration (0ms)
========================================================================
Worker process is ready to serve import requests
Import Worker Mode flag is 0x00
Begin MonoManager ReloadAssembly
Symbol file LoadedFromMemory is not a mono symbol file
Path could not be found for script compilation file 'D:/github/simple-2d-rpg-client/Assets/03_Scripts/Controllers/ArrowController.cs'
Path could not be found for script compilation file 'D:/github/simple-2d-rpg-client/Assets/03_Scripts/Controllers/BaseController.cs'
Path could not be found for script compilation file 'D:/github/simple-2d-rpg-client/Assets/03_Scripts/Controllers/CreatureController.cs'
Path could not be found for script compilation file 'D:/github/simple-2d-rpg-client/Assets/03_Scripts/Controllers/LocalPlayerController.cs'
Path could not be found for script compilation file 'D:/github/simple-2d-rpg-client/Assets/03_Scripts/Controllers/MonsterController.cs'
Path could not be found for script compilation file 'D:/github/simple-2d-rpg-client/Assets/03_Scripts/Controllers/PlayerController.cs'
Path could not be found for script compilation file 'D:/github/simple-2d-rpg-client/Assets/03_Scripts/Core/LogInManager.cs'
Path could not be found for script compilation file 'D:/github/simple-2d-rpg-client/Assets/03_Scripts/Core/SceneChanger.cs'
Path could not be found for script compilation file 'D:/github/simple-2d-rpg-client/Assets/03_Scripts/Core/UIButtonBase.cs'
Path could not be found for script compilation file 'D:/github/simple-2d-rpg-client/Assets/03_Scripts/Data/StatData.cs'
Path could not be found for script compilation file 'D:/github/simple-2d-rpg-client/Assets/03_Scripts/Intro/MenuManager.cs'
Path could not be found for script compilation file 'D:/github/simple-2d-rpg-client/Assets/03_Scripts/Intro/ShaderByTime.cs'
Path could not be found for script compilation file 'D:/github/simple-2d-rpg-client/Assets/03_Scripts/Intro/UIButtonInLobby.cs'
Path could not be found for script compilation file 'D:/github/simple-2d-rpg-client/Assets/03_Scripts/Intro/UIButtonInLobby_Exit.cs'
Path could not be found for script compilation file 'D:/github/simple-2d-rpg-client/Assets/03_Scripts/Intro/UIButtonInLobby_GameStart.cs'
Path could not be found for script compilation file 'D:/github/simple-2d-rpg-client/Assets/03_Scripts/Intro/UIButtonInLobby_Option.cs'
Path could not be found for script compilation file 'D:/github/simple-2d-rpg-client/Assets/03_Scripts/Managers/Contents/MapManager.cs'
Path could not be found for script compilation file 'D:/github/simple-2d-rpg-client/Assets/03_Scripts/Managers/Contents/ObjectManager.cs'
Path could not be found for script compilation file 'D:/github/simple-2d-rpg-client/Assets/03_Scripts/Managers/Core/DataManager.cs'
Path could not be found for script compilation file 'D:/github/simple-2d-rpg-client/Assets/03_Scripts/Managers/Core/Poolable.cs'
Path could not be found for script compilation file 'D:/github/simple-2d-rpg-client/Assets/03_Scripts/Managers/Core/PoolManager.cs'
Path could not be found for script compilation file 'D:/github/simple-2d-rpg-client/Assets/03_Scripts/Managers/Core/ResourceManager.cs'
Path could not be found for script compilation file 'D:/github/simple-2d-rpg-client/Assets/03_Scripts/Managers/Core/SceneManagerEx.cs'
Path could not be found for script compilation file 'D:/github/simple-2d-rpg-client/Assets/03_Scripts/Managers/Managers.cs'
Path could not be found for script compilation file 'D:/github/simple-2d-rpg-client/Assets/03_Scripts/MyPlayer.cs'
Path could not be found for script compilation file 'D:/github/simple-2d-rpg-client/Assets/03_Scripts/Network/Connector.cs'
Path could not be found for script compilation file 'D:/github/simple-2d-rpg-client/Assets/03_Scripts/Network/DnsUtil.cs'
Path could not be found for script compilation file 'D:/github/simple-2d-rpg-client/Assets/03_Scripts/Network/NetworkManager.cs'
Path could not be found for script compilation file 'D:/github/simple-2d-rpg-client/Assets/03_Scripts/Network/RecvBuffer.cs'
Path could not be found for script compilation file 'D:/github/simple-2d-rpg-client/Assets/03_Scripts/Network/ServerSession.cs'
Path could not be found for script compilation file 'D:/github/simple-2d-rpg-client/Assets/03_Scripts/Network/Session.cs'
Path could not be found for script compilation file 'D:/github/simple-2d-rpg-client/Assets/03_Scripts/Packet/ClientPacketManager.cs'
Path could not be found for script compilation file 'D:/github/simple-2d-rpg-client/Assets/03_Scripts/Packet/Common.cs'
Path could not be found for script compilation file 'D:/github/simple-2d-rpg-client/Assets/03_Scripts/Packet/Enum.cs'
Path could not be found for script compilation file 'D:/github/simple-2d-rpg-client/Assets/03_Scripts/Packet/PacketHandler.cs'
Path could not be found for script compilation file 'D:/github/simple-2d-rpg-client/Assets/03_Scripts/Packet/PacketQueue.cs'
Path could not be found for script compilation file 'D:/github/simple-2d-rpg-client/Assets/03_Scripts/Packet/Protocol.cs'
Path could not be found for script compilation file 'D:/github/simple-2d-rpg-client/Assets/03_Scripts/Packet/WebProtocol.cs'
Path could not be found for script compilation file 'D:/github/simple-2d-rpg-client/Assets/03_Scripts/Player.cs'
Path could not be found for script compilation file 'D:/github/simple-2d-rpg-client/Assets/03_Scripts/PlayerManager.cs'
Path could not be found for script compilation file 'D:/github/simple-2d-rpg-client/Assets/03_Scripts/Scenes/BaseScene.cs'
Path could not be found for script compilation file 'D:/github/simple-2d-rpg-client/Assets/03_Scripts/Scenes/GameScene.cs'
Path could not be found for script compilation file 'D:/github/simple-2d-rpg-client/Assets/03_Scripts/UI/ChatClientWebSocket.cs'
Path could not be found for script compilation file 'D:/github/simple-2d-rpg-client/Assets/03_Scripts/UI/ChatItem.cs'
Path could not be found for script compilation file 'D:/github/simple-2d-rpg-client/Assets/03_Scripts/UI/HpBar.cs'
Path could not be found for script compilation file 'D:/github/simple-2d-rpg-client/Assets/03_Scripts/UnityMainThreadDispatcher.cs'
Path could not be found for script compilation file 'D:/github/simple-2d-rpg-client/Assets/03_Scripts/Utils/Define.cs'
Path could not be found for script compilation file 'D:/github/simple-2d-rpg-client/Assets/03_Scripts/Utils/PriorityQueue.cs'
Path could not be found for script compilation file 'D:/github/simple-2d-rpg-client/Assets/03_Scripts/Utils/ResourceSettings.cs'
Path could not be found for script compilation file 'D:/github/simple-2d-rpg-client/Assets/03_Scripts/Utils/Util.cs'
- Loaded All Assemblies, in  2.411 seconds
Refreshing native plugins compatible for Editor in 47.15 ms, found 4 plugins.
Native extension for WindowsStandalone target not found
Package Manager log level set to [2]
[Package Manager] Failed to launch server process. Reason: Unity was launched with the -noUpm command-line argument
[Package Manager] Unable to send message (not connected to server process).
[Package Manager] Cannot connect to Unity Package Manager local server
Refreshing native plugins compatible for Editor in 37.40 ms, found 4 plugins.
Mono: successfully reloaded assembly
[Package Manager] Failed to launch server process. Reason: Unity was launched with the -noUpm command-line argument
[Package Manager] Unable to send message (not connected to server process).
[Package Manager] Cannot connect to Unity Package Manager local server
[Package Manager] Failed to launch server process. Reason: Unity was launched with the -noUpm command-line argument
[Package Manager] Unable to send message (not connected to server process).
[Package Manager] Cannot connect to Unity Package Manager local server
[Package Manager] Failed to launch server process. Reason: Unity was launched with the -noUpm command-line argument
[Package Manager] Unable to send message (not connected to server process).
[Package Manager] Cannot connect to Unity Package Manager local server
[Package Manager] Failed to launch server process. Reason: Unity was launched with the -noUpm command-line argument
[Package Manager] Unable to send message (not connected to server process).
[Package Manager] Cannot connect to Unity Package Manager local server
- Finished resetting the current domain, in  3.948 seconds
Domain Reload Profiling: 6344ms
	BeginReloadAssembly (718ms)
		ExecutionOrderSort (0ms)
		DisableScriptedObjects (11ms)
		BackupInstance (0ms)
		ReleaseScriptingObjects (0ms)
		CreateAndSetChildDomain (43ms)
	RebuildCommonClasses (64ms)
	RebuildNativeTypeToScriptingClass (19ms)
	initialDomainReloadingComplete (128ms)
	LoadAllAssembliesAndSetupDomain (1466ms)
		LoadAssemblies (1022ms)
		RebuildTransferFunctionScriptingTraits (0ms)
		AnalyzeDomain (675ms)
			TypeCache.Refresh (468ms)
				TypeCache.ScanAssembly (424ms)
			BuildScriptInfoCaches (183ms)
			ResolveRequiredComponents (19ms)
	FinalizeReload (3950ms)
		ReleaseScriptCaches (0ms)
		RebuildScriptCaches (0ms)
		SetupLoadedEditorAssemblies (3210ms)
			LogAssemblyErrors (0ms)
			InitializePlatformSupportModulesInManaged (8ms)
			SetLoadedEditorAssemblies (26ms)
			BeforeProcessingInitializeOnLoad (646ms)
			ProcessInitializeOnLoadAttributes (2038ms)
			ProcessInitializeOnLoadMethodAttributes (453ms)
			AfterProcessingInitializeOnLoad (37ms)
			EditorAssembliesLoaded (1ms)
		ExecutionOrderSort2 (0ms)
		AwakeInstancesAfterBackupRestoration (55ms)
Launched and connected shader compiler UnityShaderCompiler.exe after 0.05 seconds
Refreshing native plugins compatible for Editor in 24.26 ms, found 4 plugins.
Preloading 0 native plugins for Editor in 0.00 ms.
Unloading 84 Unused Serialized files (Serialized files now loaded: 0)
Unloading 6702 unused Assets / (3.8 MB). Loaded Objects now: 7289.
Memory consumption went from 158.0 MB to 154.2 MB.
Total: 35.555900 ms (FindLiveObjects: 1.283900 ms CreateObjectMapping: 2.007200 ms MarkObjects: 23.706400 ms  DeleteObjects: 8.553600 ms)

========================================================================
Received Import Request.
  Time since last request: 416985.842442 seconds.
  path: Assets/Readme.asset
  artifactKey: Guid(7f2c382dc2c22446db59030979f6e495) Importer(815301076,1909f56bfc062723c751e8b465ee728b)
Start importing Assets/Readme.asset using Guid(7f2c382dc2c22446db59030979f6e495) Importer(815301076,1909f56bfc062723c751e8b465ee728b) (PreviewImporter) -> (artifact id: '315d3e062fcb4e04c483b3d44800e71a') in 0.0135447 seconds
Number of updated asset objects reloaded before import = 0Number of asset objects unloaded after import = 1

